[2026-02-25 21:23:52] [🔍 VÉRIFICATION DE LA CONNEXION] SECTION
[2026-02-25 21:23:52] [✅ Connexion à la base de données OK] SUCCESS
[2026-02-25 21:23:52] [📊 COMPTAGE DES OBJETS] SECTION
[2026-02-25 21:23:52] [📈 État actuel:] INFO
[2026-02-25 21:23:52] [   - Types de tarification: 10] INFO
[2026-02-25 21:23:52] [   - Départements: 12] INFO
[2026-02-25 21:23:52] [   - Localités: 61] INFO
[2026-02-25 21:23:52] [   - Types d'habitation: 5] INFO
[2026-02-25 21:23:52] [   - Compteurs avec tarif: 0] INFO
[2026-02-25 21:23:52] [   - Factures avec tarif: 0] INFO
[2026-02-25 21:23:52] [🔗 VÉRIFICATION DES DÉPENDANCES] SECTION
[2026-02-25 21:23:52] [✅ Aucune dépendance bloquante] SUCCESS
[2026-02-25 21:23:52] [💾 CRÉATION DE LA SAUVEGARDE] SECTION
[2026-02-25 21:23:54] [✅ 10 types de tarification sauvegardés] SUCCESS
[2026-02-25 21:23:55] [✅ 12 départements sauvegardés] SUCCESS
[2026-02-25 21:23:55] [✅ 61 localités sauvegardées] SUCCESS
[2026-02-25 21:23:56] [✅ 5 types d'habitation sauvegardés] SUCCESS
[2026-02-25 21:23:56] [✅ Sauvegarde complète dans: backups\parametrage_20260225_212352] SUCCESS
[2026-02-25 21:23:56] [⚠️  CONFIRMATION DE SUPPRESSION] SECTION
[2026-02-25 21:24:33] [🗑️  SUPPRESSION DES DONNÉES] SECTION
[2026-02-25 21:24:33] [❌ Erreur lors de la suppression: ("Cannot delete some instances of model 'TypeHabitation' because they are referenced through protected foreign keys: 'Menage.type_habitation'.", {<Menage: Moundzo (MEN490258)>, <Menage: Sassou (MEN-20260209210015)>})] ERROR
