Traceback (most recent call last):
  File "C:\Users\HP\PycharmProjects\Shelly-management\backend\manage.py", line 54, in <module>
    main()
  File "C:\Users\HP\PycharmProjects\Shelly-management\backend\manage.py", line 50, in main
    execute_from_command_line(sys.argv)
  File "C:\Users\HP\miniconda3\envs\geo\lib\site-packages\django\core\management\__init__.py", line 442, in execute_from_command_line
    utility.execute()
  File "C:\Users\HP\miniconda3\envs\geo\lib\site-packages\django\core\management\__init__.py", line 382, in execute
    settings.INSTALLED_APPS
  File "C:\Users\HP\miniconda3\envs\geo\lib\site-packages\django\conf\__init__.py", line 81, in __getattr__
    self._setup(name)
  File "C:\Users\HP\miniconda3\envs\geo\lib\site-packages\django\conf\__init__.py", line 68, in _setup
    self._wrapped = Settings(settings_module)
  File "C:\Users\HP\miniconda3\envs\geo\lib\site-packages\django\conf\__init__.py", line 166, in __init__
    mod = importlib.import_module(self.SETTINGS_MODULE)
  File "C:\Users\HP\miniconda3\envs\geo\lib\importlib\__init__.py", line 126, in import_module
    return _bootstrap._gcd_import(name[level:], package, level)
  File "<frozen importlib._bootstrap>", line 1050, in _gcd_import
  File "<frozen importlib._bootstrap>", line 1027, in _find_and_load
  File "<frozen importlib._bootstrap>", line 1006, in _find_and_load_unlocked
  File "<frozen importlib._bootstrap>", line 688, in _load_unlocked
  File "<frozen importlib._bootstrap_external>", line 883, in exec_module
  File "<frozen importlib._bootstrap>", line 241, in _call_with_frames_removed
  File "C:\Users\HP\PycharmProjects\Shelly-management\backend\config\settings\development.py", line 72, in <module>
    print("\u2705 Development settings loaded successfully")
  File "C:\Users\HP\miniconda3\envs\geo\lib\encodings\cp1252.py", line 19, in encode
    return codecs.charmap_encode(input,self.errors,encoding_table)[0]
UnicodeEncodeError: 'charmap' codec can't encode character '\u2705' in position 0: character maps to <undefined>
Traceback (most recent call last):
  File "C:\Users\HP\PycharmProjects\Shelly-management\backend\manage.py", line 42, in main
    from django.core.management import execute_from_command_line
ModuleNotFoundError: No module named 'django'

The above exception was the direct cause of the following exception:

Traceback (most recent call last):
  File "C:\Users\HP\PycharmProjects\Shelly-management\backend\manage.py", line 54, in <module>
    main()
  File "C:\Users\HP\PycharmProjects\Shelly-management\backend\manage.py", line 44, in main
    raise ImportError(
ImportError: Couldn't import Django. Are you sure it's installed and available on your PYTHONPATH environment variable? Did you forget to activate a virtual environment?
